usage: main.py [-h] [--train_data_file TRAIN_DATA_FILE]
               [--eval_data_file EVAL_DATA_FILE]
               [--test_data_file TEST_DATA_FILE]
               [--pretrain_language PRETRAIN_LANGUAGE]
               [--output_dir OUTPUT_DIR] [--model_type MODEL_TYPE]
               [--encoder_block_size ENCODER_BLOCK_SIZE]
               [--max_line_length MAX_LINE_LENGTH] [--model_name MODEL_NAME]
               [--checkpoint_model_name CHECKPOINT_MODEL_NAME]
               [--model_name_or_path MODEL_NAME_OR_PATH]
               [--config_name CONFIG_NAME]
               [--feature_processor_name FEATURE_PROCESSOR_NAME] [--do_train]
               [--do_test] [--evaluate_during_training]
               [--train_batch_size TRAIN_BATCH_SIZE]
               [--eval_batch_size EVAL_BATCH_SIZE]
               [--gradient_accumulation_steps GRADIENT_ACCUMULATION_STEPS]
               [--learning_rate LEARNING_RATE] [--weight_decay WEIGHT_DECAY]
               [--adam_epsilon ADAM_EPSILON] [--max_grad_norm MAX_GRAD_NORM]
               [--max_steps MAX_STEPS] [--warmup_steps WARMUP_STEPS]
               [--seed SEED] [--epochs EPOCHS] [--classify_pneumonia_type]
main.py: error: unrecognized arguments: --do_eval
